<?xml version="1.0" encoding="UTF-8"?>
<!-- Generated by org.testng.reporters.JUnitXMLReporter -->
<testsuite ignored="0" hostname="DESKTOP-4INN8T2" failures="1" tests="1" name="Test" time="34.064" errors="0" timestamp="2022-07-07T16:19:15 IST">
  <testcase classname="KiteTest.KAuservalidation" name="verifyUID" time="8.741">
    <failure type="java.lang.AssertionError" message="null">
      <![CDATA[java.lang.AssertionError: null
at KiteTest.KAuservalidation.verifyUID(KAuservalidation.java:75)
at java.base/java.util.ArrayList.forEach(ArrayList.java:1541)
... Removed 29 stack frames]]>
    </failure>
  </testcase> <!-- verifyUID -->
</testsuite> <!-- Test -->
